#
# A fatal error has been detected by the Java Runtime Environment:
#
#  EXCEPTION_ACCESS_VIOLATION (0xc0000005) at pc=0x00007ffd25902e7c, pid=5288, tid=7564
#
# JRE version: Java(TM) SE Runtime Environment 18.9 (11.0.7+8) (build 11.0.7+8-LTS)
# Java VM: Java HotSpot(TM) 64-Bit Server VM 18.9 (11.0.7+8-LTS, mixed mode, tiered, compressed oops, g1 gc, windows-amd64)
# Problematic frame:
# V  [jvm.dll+0x692e7c]
#
# No core dump will be written. Minidumps are not enabled by default on client versions of Windows
#
# If you would like to submit a bug report, please visit:
#   https://bugreport.java.com/bugreport/crash.jsp
#

---------------  S U M M A R Y ------------

Command Line: -Dorg.gradle.native=false -Xmx512m -Dfile.encoding=utf-8 -Duser.country=RU -Duser.language=ru -Duser.variant -ea worker.org.gradle.process.internal.worker.GradleWorkerMain 'Gradle Test Executor 11'

Host: Intel(R) Core(TM) i3-4100M CPU @ 2.50GHz, 4 cores, 7G,  Windows 8.1 , 64 bit Build 9600 (6.3.9600.17056)
Time: Sun Aug 16 13:23:21 2020 Iineianeia a?aiy (ceia) elapsed time: 5 seconds (0d 0h 0m 5s)

---------------  T H R E A D  ---------------

Current thread (0x000000282ea54000):  JavaThread "C2 CompilerThread0" daemon [_thread_in_native, id=7564, stack(0x000000282ff90000,0x0000002830090000)]


Current CompileTask:
C2:   5019 2885   !   4       jdk.internal.loader.BuiltinClassLoader::loadClassOrNull (143 bytes)

Stack: [0x000000282ff90000,0x0000002830090000],  sp=0x000000283008b8b0,  free space=1006k
Native frames: (J=compiled Java code, j=interpreted, Vv=VM code, C=native code)
V  [jvm.dll+0x692e7c]
V  [jvm.dll+0x692d1a]
V  [jvm.dll+0x1a99f5]
V  [jvm.dll+0x2187f2]
V  [jvm.dll+0x21788a]
V  [jvm.dll+0x19407c]
V  [jvm.dll+0x226c74]
V  [jvm.dll+0x224e98]
V  [jvm.dll+0x765e25]
V  [jvm.dll+0x75e875]
V  [jvm.dll+0x660b26]
C  [ucrtbase.DLL+0x1d885]
C  [KERNEL32.DLL+0x16ad]
C  [ntdll.dll+0x74629]


siginfo: EXCEPTION_ACCESS_VIOLATION (0xc0000005), reading address 0x0000000000000028


Register to memory mapping:

RIP=0x00007ffd25902e7c jvm.dll
RAX=0x0000000000000003 is an unknown value
RBX=0x0 is NULL
RCX=0x000000283008beb0 is pointing into the stack for thread: 0x000000282ea54000
RDX=0x00000028368525a8 points into unknown readable memory: 10 be a6 25 fd 7f 00 00
RSP=0x000000283008b8b0 is pointing into the stack for thread: 0x000000282ea54000
RBP=0x0000002836956660 points into unknown readable memory: 80 4c ae 25 fd 7f 00 00
RSI=0x0000000000000003 is an unknown value
RDI=0x000000283008beb0 is pointing into the stack for thread: 0x000000282ea54000
R8 =0x0000000000000003 is an unknown value
R9 =0x0000002836852640 points into unknown readable memory: 10 25 85 36 28 00 00 00
R10=0x0000002833a86890 points into unknown readable memory: 00 00 00 00 00 00 00 00
R11=0x0 is NULL
R12=0x00000000000000bf is an unknown value
R13=0x00000028368525a8 points into unknown readable memory: 10 be a6 25 fd 7f 00 00
R14=0x0000002836956660 points into unknown readable memory: 80 4c ae 25 fd 7f 00 00
R15=0x0000000000000018 is an unknown value


Registers:
RAX=0x0000000000000003, RBX=0x0000000000000000, RCX=0x000000283008beb0, RDX=0x00000028368525a8
RSP=0x000000283008b8b0, RBP=0x0000002836956660, RSI=0x0000000000000003, RDI=0x000000283008beb0
R8 =0x0000000000000003, R9 =0x0000002836852640, R10=0x0000002833a86890, R11=0x0000000000000000
R12=0x00000000000000bf, R13=0x00000028368525a8, R14=0x0000002836956660, R15=0x0000000000000018
RIP=0x00007ffd25902e7c, EFLAGS=0x0000000000010246

Top of Stack: (sp=0x000000283008b8b0)
0x000000283008b8b0:   0000000000000000 0000000000000000
0x000000283008b8c0:   0000000000000000 0000000000000000
0x000000283008b8d0:   0000000000000018 0000000000000020
0x000000283008b8e0:   0000000000000000 00007ffd25488052
0x000000283008b8f0:   00000000000000bf 000000283008beb0
0x000000283008b900:   0000002836956660 000000282ea41bb0
0x000000283008b910:   0000000000000003 000000283008b9c9
0x000000283008b920:   00000028368525a8 00007ffd25902d1a
0x000000283008b930:   000000282fa89220 0000002800000122
0x000000283008b940:   0000002800000003 0000000000000001
0x000000283008b950:   000000283008b960 000000282fa89220
0x000000283008b960:   0000029600000296 0000000000000000
0x000000283008b970:   0000000000000008 000000282fa8ae90
0x000000283008b980:   0000002837830000 0000000000000000
0x000000283008b990:   0000000000000000 0000000000000000
0x000000283008b9a0:   0000000000000000 00007ffd25b6cd10 

Instructions: (pc=0x00007ffd25902e7c)
0x00007ffd25902e5c:   4c 8b 4a 08 33 db 41 8b c0 4c 8b ea 4c 8d 3c c5
0x00007ffd25902e6c:   00 00 00 00 48 8b f9 4c 89 7c 24 20 4f 8b 1c 39
0x00007ffd25902e7c:   49 63 43 28 45 8b 34 82 44 89 b4 24 88 00 00 00
0x00007ffd25902e8c:   45 85 f6 0f 84 94 03 00 00 48 8b 41 70 4b 8d 14 


Stack slot to memory mapping:
stack at sp + 0 slots: 0x0 is NULL
stack at sp + 1 slots: 0x0 is NULL
stack at sp + 2 slots: 0x0 is NULL
stack at sp + 3 slots: 0x0 is NULL
stack at sp + 4 slots: 0x0000000000000018 is an unknown value
stack at sp + 5 slots: 0x0000000000000020 is an unknown value
stack at sp + 6 slots: 0x0 is NULL
stack at sp + 7 slots: 0x00007ffd25488052 jvm.dll


---------------  P R O C E S S  ---------------

Threads class SMR info:
_java_thread_list=0x0000002831c20060, length=14, elements={
0x0000002813b54000, 0x000000282ea34800, 0x000000282ea40000, 0x000000282f9d2800,
0x000000282ea53000, 0x000000282ea54000, 0x000000282ea5f800, 0x000000282ea6b800,
0x000000282fb7d000, 0x000000282faff000, 0x0000002830c02800, 0x0000002830bc9000,
0x0000002830ca9800, 0x0000002830d06800
}

Java Threads: ( => current thread )
  0x0000002813b54000 JavaThread "main" [_thread_blocked, id=6684, stack(0x0000002813200000,0x0000002813300000)]
  0x000000282ea34800 JavaThread "Reference Handler" daemon [_thread_blocked, id=8136, stack(0x000000282f570000,0x000000282f670000)]
  0x000000282ea40000 JavaThread "Finalizer" daemon [_thread_blocked, id=7264, stack(0x000000282f670000,0x000000282f770000)]
  0x000000282f9d2800 JavaThread "Signal Dispatcher" daemon [_thread_blocked, id=4592, stack(0x000000282fd90000,0x000000282fe90000)]
  0x000000282ea53000 JavaThread "Attach Listener" daemon [_thread_blocked, id=6508, stack(0x000000282fe90000,0x000000282ff90000)]
=>0x000000282ea54000 JavaThread "C2 CompilerThread0" daemon [_thread_in_native, id=7564, stack(0x000000282ff90000,0x0000002830090000)]
  0x000000282ea5f800 JavaThread "C1 CompilerThread0" daemon [_thread_in_native, id=7472, stack(0x0000002830090000,0x0000002830190000)]
  0x000000282ea6b800 JavaThread "Sweeper thread" daemon [_thread_blocked, id=7860, stack(0x0000002830190000,0x0000002830290000)]
  0x000000282fb7d000 JavaThread "Service Thread" daemon [_thread_blocked, id=8316, stack(0x0000002830290000,0x0000002830390000)]
  0x000000282faff000 JavaThread "Common-Cleaner" daemon [_thread_blocked, id=6560, stack(0x0000002830490000,0x0000002830590000)]
  0x0000002830c02800 JavaThread "Test worker" [_thread_in_native, id=1116, stack(0x0000002831390000,0x0000002831490000)]
  0x0000002830bc9000 JavaThread "/127.0.0.1:54652 to /127.0.0.1:54650 workers Thread 2" [_thread_blocked, id=4924, stack(0x0000002831190000,0x0000002831290000)]
  0x0000002830ca9800 JavaThread "/127.0.0.1:54652 to /127.0.0.1:54650 workers Thread 3" [_thread_in_native, id=6708, stack(0x0000002832740000,0x0000002832840000)]
  0x0000002830d06800 JavaThread "C2 CompilerThread1" daemon [_thread_in_native, id=8980, stack(0x0000002832b40000,0x0000002832c40000)]

Other Threads:
  0x000000282ea0d000 VMThread "VM Thread" [stack: 0x000000282f470000,0x000000282f570000] [id=5516]
  0x000000282fafd000 WatcherThread [stack: 0x0000002830390000,0x0000002830490000] [id=5136]
  0x0000002813b69800 GCTaskThread "GC Thread#0" [stack: 0x00000028134e0000,0x00000028135e0000] [id=7540]
  0x00000028306f5800 GCTaskThread "GC Thread#1" [stack: 0x0000002830d90000,0x0000002830e90000] [id=9156]
  0x00000028306f6000 GCTaskThread "GC Thread#2" [stack: 0x0000002830e90000,0x0000002830f90000] [id=4444]
  0x0000002830c58000 GCTaskThread "GC Thread#3" [stack: 0x0000002832a40000,0x0000002832b40000] [id=4896]
  0x0000002813b83000 ConcurrentGCThread "G1 Main Marker" [stack: 0x000000282c230000,0x000000282c330000] [id=7668]
  0x0000002813b84800 ConcurrentGCThread "G1 Conc#0" [stack: 0x000000282c330000,0x000000282c430000] [id=1964]
  0x000000282e876800 ConcurrentGCThread "G1 Refine#0" [stack: 0x000000282ea70000,0x000000282eb70000] [id=9068]
  0x0000002813bfe000 ConcurrentGCThread "G1 Young RemSet Sampling" [stack: 0x000000282eb70000,0x000000282ec70000] [id=6172]

Threads with active compile tasks:
C2 CompilerThread02885   !   4       jdk.internal.loader.BuiltinClassLoader::loadClassOrNull (143 bytes)
C1 CompilerThread03495       3       org.springframework.beans.factory.config.BeanDefinitionVisitor::resolveStringValue (42 bytes)
C2 CompilerThread13368       4       org.springframework.beans.factory.support.AbstractBeanFactory::isTypeMatch (607 bytes)

VM state:not at safepoint (normal execution)

VM Mutex/Monitor currently owned by a thread: None

Heap address: 0x00000000e0000000, size: 512 MB, Compressed Oops mode: 32-bit
Narrow klass base: 0x0000000000000000, Narrow klass shift: 3
Compressed class space size: 1073741824 Address: 0x0000000100000000

Heap:
 garbage-first heap   total 131072K, used 28068K [0x00000000e0000000, 0x0000000100000000)
  region size 1024K, 21 young (21504K), 8 survivors (8192K)
 Metaspace       used 36340K, capacity 37440K, committed 37680K, reserved 1081344K
  class space    used 4488K, capacity 4884K, committed 4992K, reserved 1048576K
Heap Regions: E=young(eden), S=young(survivor), O=old, HS=humongous(starts), HC=humongous(continues), CS=collection set, F=free, A=archive, TAMS=top-at-mark-start (previous, next)
|   0|0x00000000e0000000, 0x00000000e0100000, 0x00000000e0100000|100%|HS|  |TAMS 0x00000000e0100000, 0x00000000e0000000| Complete 
|   1|0x00000000e0100000, 0x00000000e0200000, 0x00000000e0200000|100%| O|  |TAMS 0x00000000e0200000, 0x00000000e0100000| Untracked 
|   2|0x00000000e0200000, 0x00000000e0300000, 0x00000000e0300000|100%| O|  |TAMS 0x00000000e0300000, 0x00000000e0200000| Untracked 
|   3|0x00000000e0300000, 0x00000000e0400000, 0x00000000e0400000|100%| O|  |TAMS 0x00000000e0400000, 0x00000000e0300000| Untracked 
|   4|0x00000000e0400000, 0x00000000e0500000, 0x00000000e0500000|100%| O|  |TAMS 0x00000000e0500000, 0x00000000e0400000| Untracked 
|   5|0x00000000e0500000, 0x00000000e0600000, 0x00000000e0600000|100%| O|  |TAMS 0x00000000e0600000, 0x00000000e0500000| Untracked 
|   6|0x00000000e0600000, 0x00000000e0700000, 0x00000000e0700000|100%| O|  |TAMS 0x00000000e0700000, 0x00000000e0600000| Untracked 
|   7|0x00000000e0700000, 0x00000000e07bee00, 0x00000000e0800000| 74%| O|  |TAMS 0x00000000e07bee00, 0x00000000e0700000| Untracked 
|   8|0x00000000e0800000, 0x00000000e0800000, 0x00000000e0900000|  0%| F|  |TAMS 0x00000000e0800000, 0x00000000e0800000| Untracked 
|   9|0x00000000e0900000, 0x00000000e0900000, 0x00000000e0a00000|  0%| F|  |TAMS 0x00000000e0900000, 0x00000000e0900000| Untracked 
|  10|0x00000000e0a00000, 0x00000000e0a00000, 0x00000000e0b00000|  0%| F|  |TAMS 0x00000000e0a00000, 0x00000000e0a00000| Untracked 
|  11|0x00000000e0b00000, 0x00000000e0b00000, 0x00000000e0c00000|  0%| F|  |TAMS 0x00000000e0b00000, 0x00000000e0b00000| Untracked 
|  12|0x00000000e0c00000, 0x00000000e0c00000, 0x00000000e0d00000|  0%| F|  |TAMS 0x00000000e0c00000, 0x00000000e0c00000| Untracked 
|  13|0x00000000e0d00000, 0x00000000e0d00000, 0x00000000e0e00000|  0%| F|  |TAMS 0x00000000e0d00000, 0x00000000e0d00000| Untracked 
|  14|0x00000000e0e00000, 0x00000000e0e00000, 0x00000000e0f00000|  0%| F|  |TAMS 0x00000000e0e00000, 0x00000000e0e00000| Untracked 
|  15|0x00000000e0f00000, 0x00000000e0f00000, 0x00000000e1000000|  0%| F|  |TAMS 0x00000000e0f00000, 0x00000000e0f00000| Untracked 
|  16|0x00000000e1000000, 0x00000000e1000000, 0x00000000e1100000|  0%| F|  |TAMS 0x00000000e1000000, 0x00000000e1000000| Untracked 
|  17|0x00000000e1100000, 0x00000000e1100000, 0x00000000e1200000|  0%| F|  |TAMS 0x00000000e1100000, 0x00000000e1100000| Untracked 
|  18|0x00000000e1200000, 0x00000000e1200000, 0x00000000e1300000|  0%| F|  |TAMS 0x00000000e1200000, 0x00000000e1200000| Untracked 
|  19|0x00000000e1300000, 0x00000000e1300000, 0x00000000e1400000|  0%| F|  |TAMS 0x00000000e1300000, 0x00000000e1300000| Untracked 
|  20|0x00000000e1400000, 0x00000000e1400000, 0x00000000e1500000|  0%| F|  |TAMS 0x00000000e1400000, 0x00000000e1400000| Untracked 
|  21|0x00000000e1500000, 0x00000000e1500000, 0x00000000e1600000|  0%| F|  |TAMS 0x00000000e1500000, 0x00000000e1500000| Untracked 
|  22|0x00000000e1600000, 0x00000000e1600000, 0x00000000e1700000|  0%| F|  |TAMS 0x00000000e1600000, 0x00000000e1600000| Untracked 
|  23|0x00000000e1700000, 0x00000000e1700000, 0x00000000e1800000|  0%| F|  |TAMS 0x00000000e1700000, 0x00000000e1700000| Untracked 
|  24|0x00000000e1800000, 0x00000000e1800000, 0x00000000e1900000|  0%| F|  |TAMS 0x00000000e1800000, 0x00000000e1800000| Untracked 
|  25|0x00000000e1900000, 0x00000000e1900000, 0x00000000e1a00000|  0%| F|  |TAMS 0x00000000e1900000, 0x00000000e1900000| Untracked 
|  26|0x00000000e1a00000, 0x00000000e1a00000, 0x00000000e1b00000|  0%| F|  |TAMS 0x00000000e1a00000, 0x00000000e1a00000| Untracked 
|  27|0x00000000e1b00000, 0x00000000e1b00000, 0x00000000e1c00000|  0%| F|  |TAMS 0x00000000e1b00000, 0x00000000e1b00000| Untracked 
|  28|0x00000000e1c00000, 0x00000000e1c00000, 0x00000000e1d00000|  0%| F|  |TAMS 0x00000000e1c00000, 0x00000000e1c00000| Untracked 
|  29|0x00000000e1d00000, 0x00000000e1d00000, 0x00000000e1e00000|  0%| F|  |TAMS 0x00000000e1d00000, 0x00000000e1d00000| Untracked 
|  30|0x00000000e1e00000, 0x00000000e1e00000, 0x00000000e1f00000|  0%| F|  |TAMS 0x00000000e1e00000, 0x00000000e1e00000| Untracked 
|  31|0x00000000e1f00000, 0x00000000e1f00000, 0x00000000e2000000|  0%| F|  |TAMS 0x00000000e1f00000, 0x00000000e1f00000| Untracked 
|  32|0x00000000e2000000, 0x00000000e2000000, 0x00000000e2100000|  0%| F|  |TAMS 0x00000000e2000000, 0x00000000e2000000| Untracked 
|  33|0x00000000e2100000, 0x00000000e2100000, 0x00000000e2200000|  0%| F|  |TAMS 0x00000000e2100000, 0x00000000e2100000| Untracked 
|  34|0x00000000e2200000, 0x00000000e2200000, 0x00000000e2300000|  0%| F|  |TAMS 0x00000000e2200000, 0x00000000e2200000| Untracked 
|  35|0x00000000e2300000, 0x00000000e2300000, 0x00000000e2400000|  0%| F|  |TAMS 0x00000000e2300000, 0x00000000e2300000| Untracked 
|  36|0x00000000e2400000, 0x00000000e2400000, 0x00000000e2500000|  0%| F|  |TAMS 0x00000000e2400000, 0x00000000e2400000| Untracked 
|  37|0x00000000e2500000, 0x00000000e2500000, 0x00000000e2600000|  0%| F|  |TAMS 0x00000000e2500000, 0x00000000e2500000| Untracked 
|  38|0x00000000e2600000, 0x00000000e2600000, 0x00000000e2700000|  0%| F|  |TAMS 0x00000000e2600000, 0x00000000e2600000| Untracked 
|  39|0x00000000e2700000, 0x00000000e2700000, 0x00000000e2800000|  0%| F|  |TAMS 0x00000000e2700000, 0x00000000e2700000| Untracked 
|  40|0x00000000e2800000, 0x00000000e2800000, 0x00000000e2900000|  0%| F|  |TAMS 0x00000000e2800000, 0x00000000e2800000| Untracked 
|  41|0x00000000e2900000, 0x00000000e2900000, 0x00000000e2a00000|  0%| F|  |TAMS 0x00000000e2900000, 0x00000000e2900000| Untracked 
|  42|0x00000000e2a00000, 0x00000000e2a00000, 0x00000000e2b00000|  0%| F|  |TAMS 0x00000000e2a00000, 0x00000000e2a00000| Untracked 
|  43|0x00000000e2b00000, 0x00000000e2b00000, 0x00000000e2c00000|  0%| F|  |TAMS 0x00000000e2b00000, 0x00000000e2b00000| Untracked 
|  44|0x00000000e2c00000, 0x00000000e2caa5c8, 0x00000000e2d00000| 66%| S|CS|TAMS 0x00000000e2c00000, 0x00000000e2c00000| Complete 
|  45|0x00000000e2d00000, 0x00000000e2e00000, 0x00000000e2e00000|100%| S|CS|TAMS 0x00000000e2d00000, 0x00000000e2d00000| Complete 
|  46|0x00000000e2e00000, 0x00000000e2f00000, 0x00000000e2f00000|100%| S|CS|TAMS 0x00000000e2e00000, 0x00000000e2e00000| Complete 
|  47|0x00000000e2f00000, 0x00000000e3000000, 0x00000000e3000000|100%| S|CS|TAMS 0x00000000e2f00000, 0x00000000e2f00000| Complete 
|  48|0x00000000e3000000, 0x00000000e3100000, 0x00000000e3100000|100%| S|CS|TAMS 0x00000000e3000000, 0x00000000e3000000| Complete 
|  49|0x00000000e3100000, 0x00000000e3200000, 0x00000000e3200000|100%| S|CS|TAMS 0x00000000e3100000, 0x00000000e3100000| Complete 
|  50|0x00000000e3200000, 0x00000000e3300000, 0x00000000e3300000|100%| S|CS|TAMS 0x00000000e3200000, 0x00000000e3200000| Complete 
|  51|0x00000000e3300000, 0x00000000e3400000, 0x00000000e3400000|100%| S|CS|TAMS 0x00000000e3300000, 0x00000000e3300000| Complete 
|  52|0x00000000e3400000, 0x00000000e3400000, 0x00000000e3500000|  0%| F|  |TAMS 0x00000000e3400000, 0x00000000e3400000| Untracked 
|  53|0x00000000e3500000, 0x00000000e3500000, 0x00000000e3600000|  0%| F|  |TAMS 0x00000000e3500000, 0x00000000e3500000| Untracked 
|  54|0x00000000e3600000, 0x00000000e3600000, 0x00000000e3700000|  0%| F|  |TAMS 0x00000000e3600000, 0x00000000e3600000| Untracked 
|  55|0x00000000e3700000, 0x00000000e3700000, 0x00000000e3800000|  0%| F|  |TAMS 0x00000000e3700000, 0x00000000e3700000| Untracked 
|  56|0x00000000e3800000, 0x00000000e3800000, 0x00000000e3900000|  0%| F|  |TAMS 0x00000000e3800000, 0x00000000e3800000| Untracked 
|  57|0x00000000e3900000, 0x00000000e3900000, 0x00000000e3a00000|  0%| F|  |TAMS 0x00000000e3900000, 0x00000000e3900000| Untracked 
|  58|0x00000000e3a00000, 0x00000000e3a00000, 0x00000000e3b00000|  0%| F|  |TAMS 0x00000000e3a00000, 0x00000000e3a00000| Untracked 
|  59|0x00000000e3b00000, 0x00000000e3b00000, 0x00000000e3c00000|  0%| F|  |TAMS 0x00000000e3b00000, 0x00000000e3b00000| Untracked 
|  60|0x00000000e3c00000, 0x00000000e3c00000, 0x00000000e3d00000|  0%| F|  |TAMS 0x00000000e3c00000, 0x00000000e3c00000| Untracked 
|  61|0x00000000e3d00000, 0x00000000e3d00000, 0x00000000e3e00000|  0%| F|  |TAMS 0x00000000e3d00000, 0x00000000e3d00000| Untracked 
|  62|0x00000000e3e00000, 0x00000000e3e00000, 0x00000000e3f00000|  0%| F|  |TAMS 0x00000000e3e00000, 0x00000000e3e00000| Untracked 
|  63|0x00000000e3f00000, 0x00000000e3f00000, 0x00000000e4000000|  0%| F|  |TAMS 0x00000000e3f00000, 0x00000000e3f00000| Untracked 
|  64|0x00000000e4000000, 0x00000000e4000000, 0x00000000e4100000|  0%| F|  |TAMS 0x00000000e4000000, 0x00000000e4000000| Untracked 
|  65|0x00000000e4100000, 0x00000000e4100000, 0x00000000e4200000|  0%| F|  |TAMS 0x00000000e4100000, 0x00000000e4100000| Untracked 
|  66|0x00000000e4200000, 0x00000000e4200000, 0x00000000e4300000|  0%| F|  |TAMS 0x00000000e4200000, 0x00000000e4200000| Untracked 
|  67|0x00000000e4300000, 0x00000000e4300000, 0x00000000e4400000|  0%| F|  |TAMS 0x00000000e4300000, 0x00000000e4300000| Untracked 
|  68|0x00000000e4400000, 0x00000000e4400000, 0x00000000e4500000|  0%| F|  |TAMS 0x00000000e4400000, 0x00000000e4400000| Untracked 
|  69|0x00000000e4500000, 0x00000000e4500000, 0x00000000e4600000|  0%| F|  |TAMS 0x00000000e4500000, 0x00000000e4500000| Untracked 
|  70|0x00000000e4600000, 0x00000000e4600000, 0x00000000e4700000|  0%| F|  |TAMS 0x00000000e4600000, 0x00000000e4600000| Untracked 
|  71|0x00000000e4700000, 0x00000000e4700000, 0x00000000e4800000|  0%| F|  |TAMS 0x00000000e4700000, 0x00000000e4700000| Untracked 
|  72|0x00000000e4800000, 0x00000000e4800000, 0x00000000e4900000|  0%| F|  |TAMS 0x00000000e4800000, 0x00000000e4800000| Untracked 
|  73|0x00000000e4900000, 0x00000000e4900000, 0x00000000e4a00000|  0%| F|  |TAMS 0x00000000e4900000, 0x00000000e4900000| Untracked 
|  74|0x00000000e4a00000, 0x00000000e4a00000, 0x00000000e4b00000|  0%| F|  |TAMS 0x00000000e4a00000, 0x00000000e4a00000| Untracked 
|  75|0x00000000e4b00000, 0x00000000e4b00000, 0x00000000e4c00000|  0%| F|  |TAMS 0x00000000e4b00000, 0x00000000e4b00000| Untracked 
|  76|0x00000000e4c00000, 0x00000000e4c00000, 0x00000000e4d00000|  0%| F|  |TAMS 0x00000000e4c00000, 0x00000000e4c00000| Untracked 
|  77|0x00000000e4d00000, 0x00000000e4d00000, 0x00000000e4e00000|  0%| F|  |TAMS 0x00000000e4d00000, 0x00000000e4d00000| Untracked 
|  78|0x00000000e4e00000, 0x00000000e4e00000, 0x00000000e4f00000|  0%| F|  |TAMS 0x00000000e4e00000, 0x00000000e4e00000| Untracked 
|  79|0x00000000e4f00000, 0x00000000e4f00000, 0x00000000e5000000|  0%| F|  |TAMS 0x00000000e4f00000, 0x00000000e4f00000| Untracked 
|  80|0x00000000e5000000, 0x00000000e5000000, 0x00000000e5100000|  0%| F|  |TAMS 0x00000000e5000000, 0x00000000e5000000| Untracked 
|  81|0x00000000e5100000, 0x00000000e5100000, 0x00000000e5200000|  0%| F|  |TAMS 0x00000000e5100000, 0x00000000e5100000| Untracked 
|  82|0x00000000e5200000, 0x00000000e5200000, 0x00000000e5300000|  0%| F|  |TAMS 0x00000000e5200000, 0x00000000e5200000| Untracked 
|  83|0x00000000e5300000, 0x00000000e5300000, 0x00000000e5400000|  0%| F|  |TAMS 0x00000000e5300000, 0x00000000e5300000| Untracked 
|  84|0x00000000e5400000, 0x00000000e5400000, 0x00000000e5500000|  0%| F|  |TAMS 0x00000000e5400000, 0x00000000e5400000| Untracked 
|  85|0x00000000e5500000, 0x00000000e5500000, 0x00000000e5600000|  0%| F|  |TAMS 0x00000000e5500000, 0x00000000e5500000| Untracked 
|  86|0x00000000e5600000, 0x00000000e5600000, 0x00000000e5700000|  0%| F|  |TAMS 0x00000000e5600000, 0x00000000e5600000| Untracked 
|  87|0x00000000e5700000, 0x00000000e5700000, 0x00000000e5800000|  0%| F|  |TAMS 0x00000000e5700000, 0x00000000e5700000| Untracked 
|  88|0x00000000e5800000, 0x00000000e5800000, 0x00000000e5900000|  0%| F|  |TAMS 0x00000000e5800000, 0x00000000e5800000| Untracked 
|  89|0x00000000e5900000, 0x00000000e5900000, 0x00000000e5a00000|  0%| F|  |TAMS 0x00000000e5900000, 0x00000000e5900000| Untracked 
|  90|0x00000000e5a00000, 0x00000000e5a00000, 0x00000000e5b00000|  0%| F|  |TAMS 0x00000000e5a00000, 0x00000000e5a00000| Untracked 
|  91|0x00000000e5b00000, 0x00000000e5b00000, 0x00000000e5c00000|  0%| F|  |TAMS 0x00000000e5b00000, 0x00000000e5b00000| Untracked 
|  92|0x00000000e5c00000, 0x00000000e5c00000, 0x00000000e5d00000|  0%| F|  |TAMS 0x00000000e5c00000, 0x00000000e5c00000| Untracked 
|  93|0x00000000e5d00000, 0x00000000e5d00000, 0x00000000e5e00000|  0%| F|  |TAMS 0x00000000e5d00000, 0x00000000e5d00000| Untracked 
|  94|0x00000000e5e00000, 0x00000000e5e00000, 0x00000000e5f00000|  0%| F|  |TAMS 0x00000000e5e00000, 0x00000000e5e00000| Untracked 
|  95|0x00000000e5f00000, 0x00000000e5f00000, 0x00000000e6000000|  0%| F|  |TAMS 0x00000000e5f00000, 0x00000000e5f00000| Untracked 
|  96|0x00000000e6000000, 0x00000000e6000000, 0x00000000e6100000|  0%| F|  |TAMS 0x00000000e6000000, 0x00000000e6000000| Untracked 
|  97|0x00000000e6100000, 0x00000000e6100000, 0x00000000e6200000|  0%| F|  |TAMS 0x00000000e6100000, 0x00000000e6100000| Untracked 
|  98|0x00000000e6200000, 0x00000000e6200000, 0x00000000e6300000|  0%| F|  |TAMS 0x00000000e6200000, 0x00000000e6200000| Untracked 
|  99|0x00000000e6300000, 0x00000000e6300000, 0x00000000e6400000|  0%| F|  |TAMS 0x00000000e6300000, 0x00000000e6300000| Untracked 
| 100|0x00000000e6400000, 0x00000000e6400000, 0x00000000e6500000|  0%| F|  |TAMS 0x00000000e6400000, 0x00000000e6400000| Untracked 
| 101|0x00000000e6500000, 0x00000000e6500000, 0x00000000e6600000|  0%| F|  |TAMS 0x00000000e6500000, 0x00000000e6500000| Untracked 
| 102|0x00000000e6600000, 0x00000000e6600000, 0x00000000e6700000|  0%| F|  |TAMS 0x00000000e6600000, 0x00000000e6600000| Untracked 
| 103|0x00000000e6700000, 0x00000000e6700000, 0x00000000e6800000|  0%| F|  |TAMS 0x00000000e6700000, 0x00000000e6700000| Untracked 
| 104|0x00000000e6800000, 0x00000000e6800000, 0x00000000e6900000|  0%| F|  |TAMS 0x00000000e6800000, 0x00000000e6800000| Untracked 
| 105|0x00000000e6900000, 0x00000000e6900000, 0x00000000e6a00000|  0%| F|  |TAMS 0x00000000e6900000, 0x00000000e6900000| Untracked 
| 106|0x00000000e6a00000, 0x00000000e6a00000, 0x00000000e6b00000|  0%| F|  |TAMS 0x00000000e6a00000, 0x00000000e6a00000| Untracked 
| 107|0x00000000e6b00000, 0x00000000e6b00000, 0x00000000e6c00000|  0%| F|  |TAMS 0x00000000e6b00000, 0x00000000e6b00000| Untracked 
| 108|0x00000000e6c00000, 0x00000000e6c00000, 0x00000000e6d00000|  0%| F|  |TAMS 0x00000000e6c00000, 0x00000000e6c00000| Untracked 
| 109|0x00000000e6d00000, 0x00000000e6d00000, 0x00000000e6e00000|  0%| F|  |TAMS 0x00000000e6d00000, 0x00000000e6d00000| Untracked 
| 110|0x00000000e6e00000, 0x00000000e6e00000, 0x00000000e6f00000|  0%| F|  |TAMS 0x00000000e6e00000, 0x00000000e6e00000| Untracked 
| 111|0x00000000e6f00000, 0x00000000e6f00000, 0x00000000e7000000|  0%| F|  |TAMS 0x00000000e6f00000, 0x00000000e6f00000| Untracked 
| 112|0x00000000e7000000, 0x00000000e7000000, 0x00000000e7100000|  0%| F|  |TAMS 0x00000000e7000000, 0x00000000e7000000| Untracked 
| 113|0x00000000e7100000, 0x00000000e7100000, 0x00000000e7200000|  0%| F|  |TAMS 0x00000000e7100000, 0x00000000e7100000| Untracked 
| 114|0x00000000e7200000, 0x00000000e7280800, 0x00000000e7300000| 50%| E|  |TAMS 0x00000000e7200000, 0x00000000e7200000| Complete 
| 115|0x00000000e7300000, 0x00000000e7400000, 0x00000000e7400000|100%| E|CS|TAMS 0x00000000e7300000, 0x00000000e7300000| Complete 
| 116|0x00000000e7400000, 0x00000000e7500000, 0x00000000e7500000|100%| E|CS|TAMS 0x00000000e7400000, 0x00000000e7400000| Complete 
| 117|0x00000000e7500000, 0x00000000e7600000, 0x00000000e7600000|100%| E|CS|TAMS 0x00000000e7500000, 0x00000000e7500000| Complete 
| 118|0x00000000e7600000, 0x00000000e7700000, 0x00000000e7700000|100%| E|CS|TAMS 0x00000000e7600000, 0x00000000e7600000| Complete 
| 119|0x00000000e7700000, 0x00000000e7800000, 0x00000000e7800000|100%| E|CS|TAMS 0x00000000e7700000, 0x00000000e7700000| Complete 
| 120|0x00000000e7800000, 0x00000000e7900000, 0x00000000e7900000|100%| E|CS|TAMS 0x00000000e7800000, 0x00000000e7800000| Complete 
| 121|0x00000000e7900000, 0x00000000e7a00000, 0x00000000e7a00000|100%| E|CS|TAMS 0x00000000e7900000, 0x00000000e7900000| Complete 
| 122|0x00000000e7a00000, 0x00000000e7b00000, 0x00000000e7b00000|100%| E|CS|TAMS 0x00000000e7a00000, 0x00000000e7a00000| Complete 
| 123|0x00000000e7b00000, 0x00000000e7c00000, 0x00000000e7c00000|100%| E|CS|TAMS 0x00000000e7b00000, 0x00000000e7b00000| Complete 
| 124|0x00000000e7c00000, 0x00000000e7d00000, 0x00000000e7d00000|100%| E|CS|TAMS 0x00000000e7c00000, 0x00000000e7c00000| Complete 
| 125|0x00000000e7d00000, 0x00000000e7e00000, 0x00000000e7e00000|100%| E|CS|TAMS 0x00000000e7d00000, 0x00000000e7d00000| Complete 
| 126|0x00000000e7e00000, 0x00000000e7f00000, 0x00000000e7f00000|100%| E|CS|TAMS 0x00000000e7e00000, 0x00000000e7e00000| Complete 
| 127|0x00000000e7f00000, 0x00000000e8000000, 0x00000000e8000000|100%| E|CS|TAMS 0x00000000e7f00000, 0x00000000e7f00000| Complete 

Card table byte_map: [0x000000282b030000,0x000000282b130000] _byte_map_base: 0x000000282a930000

Marking Bits (Prev, Next): (CMBitMap*) 0x0000002813b805c8, (CMBitMap*) 0x0000002813b80600
 Prev Bits: [0x000000282b230000, 0x000000282ba30000)
 Next Bits: [0x000000282ba30000, 0x000000282c230000)

Polling page: 0x00000028118d0000

Metaspace:

Usage:
  Non-class:     31.79 MB capacity,    31.11 MB ( 98%) used,   578.48 KB (  2%) free+waste,   120.56 KB ( <1%) overhead. 
      Class:      4.77 MB capacity,     4.39 MB ( 92%) used,   335.79 KB (  7%) free+waste,    57.50 KB (  1%) overhead. 
       Both:     36.56 MB capacity,    35.50 MB ( 97%) used,   914.27 KB (  2%) free+waste,   178.06 KB ( <1%) overhead. 

Virtual space:
  Non-class space:       32.00 MB reserved,      31.92 MB (>99%) committed 
      Class space:        1.00 GB reserved,       4.88 MB ( <1%) committed 
             Both:        1.03 GB reserved,      36.80 MB (  3%) committed 

Chunk freelists:
   Non-Class:  512 bytes
       Class:  1.50 KB
        Both:  2.00 KB

CodeHeap 'non-profiled nmethods': size=120064Kb used=1442Kb max_used=1442Kb free=118621Kb
 bounds [0x00000028239f0000, 0x0000002823c60000, 0x000000282af30000]
CodeHeap 'profiled nmethods': size=120000Kb used=7442Kb max_used=7442Kb free=112557Kb
 bounds [0x000000281c4c0000, 0x000000281cc10000, 0x00000028239f0000]
CodeHeap 'non-nmethods': size=5696Kb used=1143Kb max_used=1194Kb free=4552Kb
 bounds [0x000000281bf30000, 0x000000281c1a0000, 0x000000281c4c0000]
 total_blobs=4742 nmethods=3321 adapters=382
 compilation: enabled
              stopped_count=0, restarted_count=0
 full_count=0

Compilation events (10 events):
Event: 4.921 Thread 0x000000282ea5f800 3423       3       org.springframework.core.type.StandardAnnotationMetadata::isAnnotatedMethod (29 bytes)
Event: 4.922 Thread 0x000000282ea5f800 nmethod 3423 0x000000281cbcd590 code [0x000000281cbcd820, 0x000000281cbce460]
Event: 4.926 Thread 0x000000282ea5f800 3424       3       org.springframework.beans.factory.support.AbstractBeanDefinition::resolveBeanClass (24 bytes)
Event: 4.927 Thread 0x000000282ea5f800 nmethod 3424 0x000000281cbce890 code [0x000000281cbcea80, 0x000000281cbcf1c0]
Event: 4.927 Thread 0x000000282ea5f800 3425       1       org.springframework.context.annotation.ConfigurationClassBeanDefinitionReader$ConfigurationClassBeanDefinition::getFactoryMethodMetadata (5 bytes)
Event: 4.927 Thread 0x000000282ea5f800 nmethod 3425 0x0000002823b56790 code [0x0000002823b56920, 0x0000002823b56a38]
Event: 4.927 Thread 0x000000282ea5f800 3426       1       org.springframework.beans.factory.annotation.AnnotatedGenericBeanDefinition::getFactoryMethodMetadata (5 bytes)
Event: 4.927 Thread 0x000000282ea5f800 nmethod 3426 0x0000002823b56a90 code [0x0000002823b56c20, 0x0000002823b56d38]
Event: 4.959 Thread 0x000000282ea5f800 3427  s    3       java.lang.StringBuffer::append (13 bytes)
Event: 4.960 Thread 0x000000282ea5f800 nmethod 3427 0x000000281cbcf390 code [0x000000281cbcf540, 0x000000281cbcf870]

GC Heap History (10 events):
Event: 1.599 GC heap before
{Heap before GC invocations=2 (full 0):
 garbage-first heap   total 131072K, used 29505K [0x00000000e0000000, 0x0000000100000000)
  region size 1024K, 22 young (22528K), 1 survivors (1024K)
 Metaspace       used 16627K, capacity 17184K, committed 17280K, reserved 1064960K
  class space    used 1893K, capacity 2105K, committed 2176K, reserved 1048576K
}
Event: 1.604 GC heap after
{Heap after GC invocations=3 (full 0):
 garbage-first heap   total 131072K, used 9841K [0x00000000e0000000, 0x0000000100000000)
  region size 1024K, 3 young (3072K), 3 survivors (3072K)
 Metaspace       used 16627K, capacity 17184K, committed 17280K, reserved 1064960K
  class space    used 1893K, capacity 2105K, committed 2176K, reserved 1048576K
}
Event: 1.947 GC heap before
{Heap before GC invocations=3 (full 0):
 garbage-first heap   total 131072K, used 29297K [0x00000000e0000000, 0x0000000100000000)
  region size 1024K, 23 young (23552K), 3 survivors (3072K)
 Metaspace       used 20514K, capacity 21164K, committed 21296K, reserved 1069056K
  class space    used 2378K, capacity 2605K, committed 2688K, reserved 1048576K
}
Event: 1.954 GC heap after
{Heap after GC invocations=4 (full 0):
 garbage-first heap   total 131072K, used 10886K [0x00000000e0000000, 0x0000000100000000)
  region size 1024K, 4 young (4096K), 4 survivors (4096K)
 Metaspace       used 20514K, capacity 21164K, committed 21296K, reserved 1069056K
  class space    used 2378K, capacity 2605K, committed 2688K, reserved 1048576K
}
Event: 2.474 GC heap before
{Heap before GC invocations=5 (full 0):
 garbage-first heap   total 131072K, used 51846K [0x00000000e0000000, 0x0000000100000000)
  region size 1024K, 44 young (45056K), 4 survivors (4096K)
 Metaspace       used 26034K, capacity 26936K, committed 27056K, reserved 1073152K
  class space    used 3193K, capacity 3488K, committed 3584K, reserved 1048576K
}
Event: 2.483 GC heap after
{Heap after GC invocations=6 (full 0):
 garbage-first heap   total 131072K, used 11999K [0x00000000e0000000, 0x0000000100000000)
  region size 1024K, 4 young (4096K), 4 survivors (4096K)
 Metaspace       used 26034K, capacity 26936K, committed 27056K, reserved 1073152K
  class space    used 3193K, capacity 3488K, committed 3584K, reserved 1048576K
}
Event: 2.975 GC heap before
{Heap before GC invocations=6 (full 0):
 garbage-first heap   total 131072K, used 76511K [0x00000000e0000000, 0x0000000100000000)
  region size 1024K, 68 young (69632K), 4 survivors (4096K)
 Metaspace       used 30107K, capacity 31070K, committed 31408K, reserved 1077248K
  class space    used 3657K, capacity 3995K, committed 4096K, reserved 1048576K
}
Event: 2.985 GC heap after
{Heap after GC invocations=7 (full 0):
 garbage-first heap   total 131072K, used 13229K [0x00000000e0000000, 0x0000000100000000)
  region size 1024K, 6 young (6144K), 6 survivors (6144K)
 Metaspace       used 30107K, capacity 31070K, committed 31408K, reserved 1077248K
  class space    used 3657K, capacity 3995K, committed 4096K, reserved 1048576K
}
Event: 4.698 GC heap before
{Heap before GC invocations=7 (full 0):
 garbage-first heap   total 131072K, used 83885K [0x00000000e0000000, 0x0000000100000000)
  region size 1024K, 76 young (77824K), 6 survivors (6144K)
 Metaspace       used 34787K, capacity 35864K, committed 35920K, reserved 1081344K
  class space    used 4272K, capacity 4680K, committed 4736K, reserved 1048576K
}
Event: 4.715 GC heap after
{Heap after GC invocations=8 (full 0):
 garbage-first heap   total 131072K, used 15780K [0x00000000e0000000, 0x0000000100000000)
  region size 1024K, 8 young (8192K), 8 survivors (8192K)
 Metaspace       used 34787K, capacity 35864K, committed 35920K, reserved 1081344K
  class space    used 4272K, capacity 4680K, committed 4736K, reserved 1048576K
}

Deoptimization events (10 events):
Event: 3.457 Thread 0x0000002830c02800 Uncommon trap: reason=profile_predicate action=maybe_recompile pc=0x0000002823ae5a00 method=org.springframework.boot.context.properties.source.ConfigurationPropertyName$Elements.canShortcutWithSource(Lorg/springframework/boot/context/properties/source/Con
Event: 3.640 Thread 0x0000002830c02800 Uncommon trap: reason=unstable_if action=reinterpret pc=0x0000002823af0bb4 method=org.springframework.boot.context.properties.source.ConfigurationPropertyName.elementDiffers(Lorg/springframework/boot/context/properties/source/ConfigurationPropertyName$Ele
Event: 3.789 Thread 0x0000002830c02800 Uncommon trap: reason=intrinsic_or_type_checked_inlining action=make_not_entrant pc=0x0000002823b09178 method=java.util.Arrays.copyOf([Ljava/lang/Object;ILjava/lang/Class;)[Ljava/lang/Object; @ 35 c2
Event: 3.954 Thread 0x0000002830c02800 Uncommon trap: reason=unstable_if action=reinterpret pc=0x0000002823b12e2c method=org.springframework.core.annotation.MergedAnnotationsCollection.isMappingForType(Lorg/springframework/core/annotation/AnnotationTypeMapping;Ljava/lang/Object;)Z @ 13 c2
Event: 3.989 Thread 0x0000002830c02800 Uncommon trap: reason=unstable_if action=reinterpret pc=0x0000002823b0e8dc method=org.springframework.core.annotation.MergedAnnotationsCollection.isMappingForType(Lorg/springframework/core/annotation/AnnotationTypeMapping;Ljava/lang/Object;)Z @ 13 c2
Event: 4.506 Thread 0x0000002830c02800 Uncommon trap: reason=unstable_if action=reinterpret pc=0x0000002823b3a880 method=org.springframework.core.ResolvableType$1.isAssignableFrom(Ljava/lang/Class;)Z @ 15 c2
Event: 4.590 Thread 0x0000002830c02800 Uncommon trap: reason=unstable_if action=reinterpret pc=0x0000002823b28f5c method=org.springframework.beans.factory.support.AbstractBeanFactory.getMergedLocalBeanDefinition(Ljava/lang/String;)Lorg/springframework/beans/factory/support/RootBeanDefinition; 
Event: 4.604 Thread 0x0000002830c02800 Uncommon trap: reason=unstable_if action=reinterpret pc=0x0000002823b339e0 method=org.springframework.beans.factory.support.DefaultSingletonBeanRegistry.getSingleton(Ljava/lang/String;Z)Ljava/lang/Object; @ 20 c2
Event: 4.643 Thread 0x0000002830c02800 Uncommon trap: reason=class_check action=maybe_recompile pc=0x0000002823b058ac method=org.springframework.util.ConcurrentReferenceHashMap$Segment.findInChain(Lorg/springframework/util/ConcurrentReferenceHashMap$Reference;Ljava/lang/Object;I)Lorg/springfra
Event: 4.673 Thread 0x0000002830c02800 Uncommon trap: reason=class_check action=maybe_recompile pc=0x0000002823b058ac method=org.springframework.util.ConcurrentReferenceHashMap$Segment.findInChain(Lorg/springframework/util/ConcurrentReferenceHashMap$Reference;Ljava/lang/Object;I)Lorg/springfra

Classes redefined (0 events):
No events

Internal exceptions (10 events):
Event: 2.488 Thread 0x0000002830c02800 Exception <a 'java/lang/ClassNotFoundException'{0x00000000e7f4cfc8}: org/springframework/beans/factory/AwareCustomizer> (0x00000000e7f4cfc8) thrown at [./open/src/hotspot/share/classfile/systemDictionary.cpp, line 228]
Event: 2.908 Thread 0x0000002831e16800 Exception <a 'java/lang/NoSuchMethodError'{0x00000000e645cd98}: java.lang.invoke.DirectMethodHandle$Holder.invokeSpecial(Ljava/lang/Object;Ljava/lang/Object;)J> (0x00000000e645cd98) thrown at [./open/src/hotspot/share/interpreter/linkResolver.cpp, line 77
Event: 2.910 Thread 0x0000002831e16800 Exception <a 'java/lang/NoSuchMethodError'{0x00000000e6467860}: java.lang.invoke.DirectMethodHandle$Holder.invokeStatic(Ljava/lang/Object;Ljava/lang/Object;)J> (0x00000000e6467860) thrown at [./open/src/hotspot/share/interpreter/linkResolver.cpp, line 772
Event: 2.911 Thread 0x0000002831e16800 Exception <a 'java/lang/NoSuchMethodError'{0x00000000e646a688}: java.lang.invoke.DirectMethodHandle$Holder.invokeStaticInit(Ljava/lang/Object;Ljava/lang/Object;)J> (0x00000000e646a688) thrown at [./open/src/hotspot/share/interpreter/linkResolver.cpp, line
Event: 2.917 Thread 0x0000002831e16800 Exception <a 'java/lang/NoSuchMethodError'{0x00000000e6476bf0}: java.lang.invoke.DirectMethodHandle$Holder.invokeInterface(Ljava/lang/Object;Ljava/lang/Object;)J> (0x00000000e6476bf0) thrown at [./open/src/hotspot/share/interpreter/linkResolver.cpp, line 
Event: 2.917 Thread 0x0000002831e16800 Exception <a 'java/lang/IncompatibleClassChangeError'{0x00000000e6479988}: Found class java.lang.Object, but interface was expected> (0x00000000e6479988) thrown at [./open/src/hotspot/share/interpreter/linkResolver.cpp, line 838]
Event: 3.161 Thread 0x0000002830c02800 Exception <a 'java/lang/NoSuchMethodError'{0x00000000e788e4b8}: java.lang.invoke.DirectMethodHandle$Holder.invokeStatic(Ljava/lang/Object;Ljava/lang/Object;Ljava/lang/Object;Ljava/lang/Object;Ljava/lang/Object;)V> (0x00000000e788e4b8) thrown at [./open/sr
Event: 3.180 Thread 0x0000002830c02800 Exception <a 'java/lang/NoSuchMethodError'{0x00000000e7724270}: java.lang.invoke.DirectMethodHandle$Holder.invokeInterface(Ljava/lang/Object;Ljava/lang/Object;Ljava/lang/Object;Ljava/lang/Object;)V> (0x00000000e7724270) thrown at [./open/src/hotspot/share
Event: 4.603 Thread 0x0000002830c02800 Exception <a 'java/lang/NoSuchMethodError'{0x00000000e3d10ea0}: java.lang.invoke.Invokers$Holder.linkToTargetMethod(Ljava/lang/Object;Ljava/lang/Object;Ljava/lang/Object;Ljava/lang/Object;Ljava/lang/Object;Ljava/lang/Object;Ljava/lang/Object;)Ljava/lang/O
Event: 4.692 Thread 0x0000002830c02800 Exception <a 'java/lang/NoSuchMethodError'{0x00000000e3472458}: java.lang.invoke.DirectMethodHandle$Holder.invokeSpecialIFC(Ljava/lang/Object;Ljava/lang/Object;Ljava/lang/Object;Ljava/lang/Object;)Ljava/lang/Object;> (0x00000000e3472458) thrown at [./open

Events (10 events):
Event: 4.970 loading class org/springframework/cglib/core/ClassEmitter$2
Event: 4.970 loading class org/springframework/cglib/core/ClassEmitter$2 done
Event: 4.971 loading class org/springframework/cglib/core/CodeEmitter
Event: 4.971 loading class org/springframework/cglib/core/CodeEmitter done
Event: 4.972 loading class org/springframework/cglib/core/LocalVariablesSorter
Event: 4.972 loading class org/springframework/cglib/core/LocalVariablesSorter done
Event: 4.972 loading class org/springframework/cglib/core/ClassEmitter$3
Event: 4.972 loading class org/springframework/cglib/core/ClassEmitter$3 done
Event: 4.973 loading class org/springframework/cglib/core/ReflectUtils
Event: 4.973 loading class org/springframework/cglib/core/ReflectUtils done


Dynamic libraries:
0x00007ff7bb2e0000 - 0x00007ff7bb327000 	C:\Program Files\Java\jdk-11.0.7\bin\java.exe
0x00007ffd60430000 - 0x00007ffd605da000 	C:\Windows\SYSTEM32\ntdll.dll
0x00007ffd5fe90000 - 0x00007ffd5ffca000 	C:\Windows\system32\KERNEL32.DLL
0x00007ffd5d970000 - 0x00007ffd5da7f000 	C:\Windows\system32\KERNELBASE.dll
0x00007ffd5fb40000 - 0x00007ffd5fbe5000 	C:\Windows\system32\ADVAPI32.dll
0x00007ffd5fbf0000 - 0x00007ffd5fd61000 	C:\Windows\system32\USER32.dll
0x00007ffd5d380000 - 0x00007ffd5d5da000 	C:\Windows\WinSxS\amd64_microsoft.windows.common-controls_6595b64144ccf1df_6.0.9600.17031_none_6242a4b3ecbb55a1\COMCTL32.dll
0x00007ffd57340000 - 0x00007ffd5734a000 	C:\Windows\SYSTEM32\VERSION.dll
0x00007ffd60380000 - 0x00007ffd60427000 	C:\Windows\system32\msvcrt.dll
0x00007ffd5f720000 - 0x00007ffd5f777000 	C:\Windows\SYSTEM32\sechost.dll
0x00007ffd5dcb0000 - 0x00007ffd5dde6000 	C:\Windows\system32\RPCRT4.dll
0x00007ffd5f9e0000 - 0x00007ffd5fb25000 	C:\Windows\system32\GDI32.dll
0x00007ffd5f900000 - 0x00007ffd5f934000 	C:\Windows\system32\IMM32.DLL
0x00007ffd5e1c0000 - 0x00007ffd5e2f9000 	C:\Windows\system32\MSCTF.dll
0x00007ffd40fb0000 - 0x00007ffd40fc6000 	C:\Program Files\Java\jdk-11.0.7\bin\vcruntime140.dll
0x00007ffd46b30000 - 0x00007ffd46b34000 	C:\Program Files\Java\jdk-11.0.7\bin\api-ms-win-crt-runtime-l1-1-0.dll
0x00007ffd440d0000 - 0x00007ffd440d4000 	C:\Program Files\Java\jdk-11.0.7\bin\api-ms-win-crt-string-l1-1-0.dll
0x00007ffd43810000 - 0x00007ffd43813000 	C:\Program Files\Java\jdk-11.0.7\bin\api-ms-win-crt-heap-l1-1-0.dll
0x00007ffd407f0000 - 0x00007ffd407f4000 	C:\Program Files\Java\jdk-11.0.7\bin\api-ms-win-crt-stdio-l1-1-0.dll
0x00007ffd407e0000 - 0x00007ffd407e4000 	C:\Program Files\Java\jdk-11.0.7\bin\api-ms-win-crt-convert-l1-1-0.dll
0x00007ffd2ac10000 - 0x00007ffd2ad06000 	C:\Program Files\Java\jdk-11.0.7\bin\ucrtbase.DLL
0x00007ffd2ab60000 - 0x00007ffd2ac0a000 	C:\Program Files\Java\jdk-11.0.7\bin\msvcp140.dll
0x00007ffd3fcb0000 - 0x00007ffd3fcb3000 	C:\Program Files\Java\jdk-11.0.7\bin\api-ms-win-crt-locale-l1-1-0.dll
0x00007ffd3fca0000 - 0x00007ffd3fca5000 	C:\Program Files\Java\jdk-11.0.7\bin\api-ms-win-crt-math-l1-1-0.dll
0x00007ffd3fc20000 - 0x00007ffd3fc25000 	C:\Program Files\Java\jdk-11.0.7\bin\api-ms-win-crt-multibyte-l1-1-0.dll
0x00007ffd3fc10000 - 0x00007ffd3fc13000 	C:\Program Files\Java\jdk-11.0.7\bin\api-ms-win-crt-time-l1-1-0.dll
0x00007ffd3f040000 - 0x00007ffd3f043000 	C:\Program Files\Java\jdk-11.0.7\bin\api-ms-win-crt-filesystem-l1-1-0.dll
0x00007ffd3f030000 - 0x00007ffd3f033000 	C:\Program Files\Java\jdk-11.0.7\bin\api-ms-win-crt-environment-l1-1-0.dll
0x00007ffd3f020000 - 0x00007ffd3f023000 	C:\Program Files\Java\jdk-11.0.7\bin\api-ms-win-crt-utility-l1-1-0.dll
0x00007ffd25270000 - 0x00007ffd25dd1000 	C:\Program Files\Java\jdk-11.0.7\bin\server\jvm.dll
0x00007ffd57e60000 - 0x00007ffd57e69000 	C:\Windows\SYSTEM32\WSOCK32.dll
0x00007ffd4faf0000 - 0x00007ffd4fb0f000 	C:\Windows\SYSTEM32\WINMM.dll
0x00007ffd5fb30000 - 0x00007ffd5fb37000 	C:\Windows\system32\PSAPI.DLL
0x00007ffd5df10000 - 0x00007ffd5df68000 	C:\Windows\system32\WS2_32.dll
0x00007ffd4fac0000 - 0x00007ffd4faea000 	C:\Windows\SYSTEM32\WINMMBASE.dll
0x00007ffd5fd70000 - 0x00007ffd5fd79000 	C:\Windows\system32\NSI.dll
0x00007ffd5da80000 - 0x00007ffd5daca000 	C:\Windows\SYSTEM32\cfgmgr32.dll
0x00007ffd5bba0000 - 0x00007ffd5bbc6000 	C:\Windows\SYSTEM32\DEVOBJ.dll
0x00007ffd3e850000 - 0x00007ffd3e861000 	C:\Program Files\Java\jdk-11.0.7\bin\verify.dll
0x00007ffd566c0000 - 0x00007ffd56848000 	C:\Windows\SYSTEM32\DBGHELP.DLL
0x00007ffd3e380000 - 0x00007ffd3e3a9000 	C:\Program Files\Java\jdk-11.0.7\bin\java.dll
0x00007ffd3ef90000 - 0x00007ffd3ef9a000 	C:\Program Files\Java\jdk-11.0.7\bin\jimage.dll
0x00007ffd3d960000 - 0x00007ffd3d976000 	C:\Program Files\Java\jdk-11.0.7\bin\zip.dll
0x00007ffd5e300000 - 0x00007ffd5f717000 	C:\Windows\system32\SHELL32.dll
0x00007ffd5ffd0000 - 0x00007ffd601a6000 	C:\Windows\SYSTEM32\combase.dll
0x00007ffd5fe30000 - 0x00007ffd5fe81000 	C:\Windows\system32\SHLWAPI.dll
0x00007ffd5d270000 - 0x00007ffd5d30f000 	C:\Windows\SYSTEM32\SHCORE.dll
0x00007ffd5d7a0000 - 0x00007ffd5d7b4000 	C:\Windows\SYSTEM32\profapi.dll
0x00007ffd3d820000 - 0x00007ffd3d839000 	C:\Program Files\Java\jdk-11.0.7\bin\net.dll
0x00007ffd574b0000 - 0x00007ffd57575000 	C:\Windows\SYSTEM32\WINHTTP.dll
0x00007ffd5ccb0000 - 0x00007ffd5cd08000 	C:\Windows\system32\mswsock.dll
0x00007ffd3d800000 - 0x00007ffd3d813000 	C:\Program Files\Java\jdk-11.0.7\bin\nio.dll
0x00007ffd5cd10000 - 0x00007ffd5cd2e000 	C:\Windows\SYSTEM32\CRYPTSP.dll
0x00007ffd5c900000 - 0x00007ffd5c935000 	C:\Windows\system32\rsaenh.dll
0x00007ffd5cf60000 - 0x00007ffd5cf86000 	C:\Windows\SYSTEM32\bcrypt.dll
0x00007ffd5ca10000 - 0x00007ffd5ca2e000 	C:\Windows\SYSTEM32\USERENV.dll
0x00007ffd5d680000 - 0x00007ffd5d6e0000 	C:\Windows\system32\bcryptprimitives.dll
0x00007ffd5d6e0000 - 0x00007ffd5d6ea000 	C:\Windows\SYSTEM32\CRYPTBASE.dll
0x00007ffd59090000 - 0x00007ffd590b9000 	C:\Windows\SYSTEM32\IPHLPAPI.DLL
0x00007ffd59070000 - 0x00007ffd5907a000 	C:\Windows\SYSTEM32\WINNSI.DLL
0x00007ffd589f0000 - 0x00007ffd58a04000 	C:\Windows\SYSTEM32\dhcpcsvc6.DLL
0x00007ffd58a10000 - 0x00007ffd58a29000 	C:\Windows\SYSTEM32\dhcpcsvc.DLL
0x00007ffd3ec40000 - 0x00007ffd3ec49000 	C:\Program Files\Java\jdk-11.0.7\bin\management.dll
0x00007ffd3ea50000 - 0x00007ffd3ea5c000 	C:\Program Files\Java\jdk-11.0.7\bin\management_ext.dll
0x00007ffd52560000 - 0x00007ffd52574000 	C:\Windows\system32\napinsp.dll
0x00007ffd52580000 - 0x00007ffd52599000 	C:\Windows\system32\pnrpnsp.dll
0x00007ffd59fb0000 - 0x00007ffd59fc9000 	C:\Windows\system32\NLAapi.dll
0x00007ffd5cac0000 - 0x00007ffd5cb63000 	C:\Windows\SYSTEM32\DNSAPI.dll
0x00007ffd525a0000 - 0x00007ffd525ac000 	C:\Windows\System32\winrnr.dll
0x00007ffd52690000 - 0x00007ffd526a3000 	C:\Windows\system32\wshbth.dll
0x00007ffd52ac0000 - 0x00007ffd52ac9000 	C:\Windows\System32\rasadhlp.dll
0x00007ffd58e80000 - 0x00007ffd58ee8000 	C:\Windows\System32\fwpuclnt.dll

dbghelp: loaded successfully - version: 4.0.5 - missing functions: none
symbol engine: initialized successfully - sym options: 0x614 - pdb path: .;C:\Program Files\Java\jdk-11.0.7\bin;C:\Windows\SYSTEM32;C:\Windows\WinSxS\amd64_microsoft.windows.common-controls_6595b64144ccf1df_6.0.9600.17031_none_6242a4b3ecbb55a1;C:\Program Files\Java\jdk-11.0.7\bin\server

VM Arguments:
jvm_args: -Dorg.gradle.native=false -Xmx512m -Dfile.encoding=utf-8 -Duser.country=RU -Duser.language=ru -Duser.variant -ea 
java_command: worker.org.gradle.process.internal.worker.GradleWorkerMain 'Gradle Test Executor 11'
java_class_path (initial): C:\Users\User\.gradle\caches\5.3.1\workerMain\gradle-worker.jar;D:\Repository\Web Quiz Engine\Web Quiz Engine\task\build\classes\java\test;D:\Repository\Web Quiz Engine\Web Quiz Engine\task\build\resources\test;D:\Repository\Web Quiz Engine\Web Quiz Engine\task\build\classes\java\main;D:\Repository\Web Quiz Engine\Web Quiz Engine\task\build\resources\main;C:\Users\User\.gradle\caches\modules-2\files-2.1\org.modelmapper\modelmapper\2.3.2\db6decdbae7e23345fe5803c541adb115dd78330\modelmapper-2.3.2.jar;C:\Users\User\.gradle\caches\modules-2\files-2.1\org.springframework.boot\spring-boot-starter-web\2.2.2.RELEASE\3e15f18a4dafd499b900082f3cc25bb11ea91821\spring-boot-starter-web-2.2.2.RELEASE.jar;C:\Users\User\.gradle\caches\modules-2\files-2.1\org.springframework.boot\spring-boot-starter-actuator\2.2.2.RELEASE\e7ad304a1471ba4bbea2c84c41e912cf7113da8e\spring-boot-starter-actuator-2.2.2.RELEASE.jar;C:\Users\User\.gradle\caches\modules-2\files-2.1\org.springframework.boot\spring-boot-starter-security\2.2.2.RELEASE\4644039ba9ff9e74b41d92a715d7e7640ba0e7f5\spring-boot-starter-security-2.2.2.RELEASE.jar;C:\Users\User\.gradle\caches\modules-2\files-2.1\org.springframework.boot\spring-boot-starter-json\2.2.2.RELEASE\7ef93e43938abf3064cce9b7317bdb8278060437\spring-boot-starter-json-2.2.2.RELEASE.jar;C:\Users\User\.gradle\caches\modules-2\files-2.1\org.springframework.boot\spring-boot-starter-validation\2.2.2.RELEASE\ef3ac3571ae518f22117e8bce826970b358f3cdf\spring-boot-starter-validation-2.2.2.RELEASE.jar;C:\Users\User\.gradle\caches\modules-2\files-2.1\org.springframework.boot\spring-boot-starter-data-jpa\2.2.2.RELEASE\70fca038c1bbb1e9d0d6bedd1035f091ad024a7e\spring-boot-starter-data-jpa-2.2.2.RELEASE.jar;C:\Users\User\.gradle\caches\modules-2\files-2.1\org.springframework.boot\spring-boot-starter-aop\2.2.2.RELEASE\f3c7529b69898084018e69e101ebc108237b1cce\spring-boot-starter-aop-2.2.2.RELEASE.jar;C:\Users\User\.gradle\caches\modules-2\files-2.1\org.spr
Launcher Type: SUN_STANDARD

[Global flags]
     intx CICompilerCount                          = 3                                         {product} {ergonomic}
     uint ConcGCThreads                            = 1                                         {product} {ergonomic}
     uint G1ConcRefinementThreads                  = 4                                         {product} {ergonomic}
   size_t G1HeapRegionSize                         = 1048576                                   {product} {ergonomic}
    uintx GCDrainStackTargetSize                   = 64                                        {product} {ergonomic}
   size_t InitialHeapSize                          = 134217728                                 {product} {ergonomic}
   size_t MarkStackSize                            = 4194304                                   {product} {ergonomic}
   size_t MaxHeapSize                              = 536870912                                 {product} {command line}
   size_t MaxNewSize                               = 321912832                                 {product} {ergonomic}
   size_t MinHeapDeltaBytes                        = 1048576                                   {product} {ergonomic}
    uintx NonNMethodCodeHeapSize                   = 5830732                                {pd product} {ergonomic}
    uintx NonProfiledCodeHeapSize                  = 122913754                              {pd product} {ergonomic}
    uintx ProfiledCodeHeapSize                     = 122913754                              {pd product} {ergonomic}
    uintx ReservedCodeCacheSize                    = 251658240                              {pd product} {ergonomic}
     bool SegmentedCodeCache                       = true                                      {product} {ergonomic}
     bool UseCompressedClassPointers               = true                                 {lp64_product} {ergonomic}
     bool UseCompressedOops                        = true                                 {lp64_product} {ergonomic}
     bool UseG1GC                                  = true                                      {product} {ergonomic}
     bool UseLargePagesIndividualAllocation        = false                                  {pd product} {ergonomic}

Logging:
Log output configuration:
 #0: stdout all=warning uptime,level,tags
 #1: stderr all=off uptime,level,tags

Environment Variables:
JAVA_HOME=C:\Program Files\Java\jdk-11.0.7
PATH=D:\OracleDb\oracle11g\product\11.2.0\dbhome_1\bin;D:\OracleSW\OracleDB\bin;C:\Program Files\Microsoft SQL Server\130\Tools\Binn\;C:\Program Files (x86)\nodejs\;C:\Server\web\apache\bin;C:\Server\web\mysql\bin;C:\CooCox\CoIDE_V2Beta\bin;C:\Program Files\Git\cmd;C:\Program Files (x86)\Microsoft SQL Server\150\DTS\Binn\;C:\Program Files\Microsoft SQL Server\Client SDK\ODBC\130\Tools\Binn\;C:\Program Files (x86)\Microsoft SQL Server\140\Tools\Binn\;C:\Program Files\Microsoft SQL Server\140\Tools\Binn\;C:\Program Files\Microsoft SQL Server\140\DTS\Binn\;C:\Program Files\Microsoft SQL Server\Client SDK\ODBC\170\Tools\Binn\;C:\Program Files\Gradle\gradle-6.5\bin;C:\Users\User\AppData\Roaming\npm;C:\Program Files\Apache Software Foundation\Tomcat 9.0\bin;C:\Program Files\maven\\bin;C:\Program Files\Java\jdk-11.0.7\bin;C:\Users\User\AppData\Local\GitHubDesktop\bin
USERNAME=User
OS=Windows_NT
PROCESSOR_IDENTIFIER=Intel64 Family 6 Model 60 Stepping 3, GenuineIntel



---------------  S Y S T E M  ---------------

OS: Windows 8.1 , 64 bit Build 9600 (6.3.9600.17056)

CPU:total 4 (initial active 4) (2 cores per cpu, 2 threads per core) family 6 model 60 stepping 3, cmov, cx8, fxsr, mmx, sse, sse2, sse3, ssse3, sse4.1, sse4.2, popcnt, avx, avx2, aes, clmul, erms, lzcnt, ht, tsc, tscinvbit, bmi1, bmi2, fma

Memory: 4k page, system-wide physical 8111M (1077M free)
TotalPageFile size 16303M (AvailPageFile size 8066M)
current process WorkingSet (physical memory assigned to process): 237M, peak: 240M
current process commit charge ("private bytes"): 309M, peak: 312M

vm_info: Java HotSpot(TM) 64-Bit Server VM (11.0.7+8-LTS) for windows-amd64 JRE (11.0.7+8-LTS), built on Mar 12 2020 02:04:32 by "mach5one" with MS VC++ 15.5 (VS2017)

END.
